#Software: Microsoft Internet Information Services 10.0
#Version: 1.0
#Date: 2017-10-17 05:05:47
#Fields: date time s-ip cs-method cs-uri-stem cs-uri-query s-port cs-username c-ip cs(User-Agent) cs(Referer) sc-status sc-substatus sc-win32-status time-taken
2017-10-17 05:05:47 ::1 GET /Admin/ClassInfo.aspx - 1715 - ::1 Mozilla/5.0+(Windows+NT+10.0;+Win64;+x64)+AppleWebKit/537.36+(KHTML,+like+Gecko)+Chrome/61.0.3163.79+Safari/537.36 - 200 0 0 48329
2017-10-17 05:05:47 ::1 GET /css/style.css - 1715 - ::1 Mozilla/5.0+(Windows+NT+10.0;+Win64;+x64)+AppleWebKit/537.36+(KHTML,+like+Gecko)+Chrome/61.0.3163.79+Safari/537.36 http://localhost:1715/Admin/ClassInfo.aspx 304 0 0 66
2017-10-17 05:05:47 ::1 GET /css/master.js - 1715 - ::1 Mozilla/5.0+(Windows+NT+10.0;+Win64;+x64)+AppleWebKit/537.36+(KHTML,+like+Gecko)+Chrome/61.0.3163.79+Safari/537.36 http://localhost:1715/Admin/ClassInfo.aspx 200 0 0 88
2017-10-17 05:05:47 ::1 GET /css/bootstrap/js/bootstrap.min.js - 1715 - ::1 Mozilla/5.0+(Windows+NT+10.0;+Win64;+x64)+AppleWebKit/537.36+(KHTML,+like+Gecko)+Chrome/61.0.3163.79+Safari/537.36 http://localhost:1715/Admin/ClassInfo.aspx 200 0 0 155
2017-10-17 05:05:47 ::1 GET /My97DatePicker/WdatePicker.js - 1715 - ::1 Mozilla/5.0+(Windows+NT+10.0;+Win64;+x64)+AppleWebKit/537.36+(KHTML,+like+Gecko)+Chrome/61.0.3163.79+Safari/537.36 http://localhost:1715/Admin/ClassInfo.aspx 200 0 0 162
2017-10-17 05:05:47 ::1 GET /css/bootstrap/css/bootstrap.css - 1715 - ::1 Mozilla/5.0+(Windows+NT+10.0;+Win64;+x64)+AppleWebKit/537.36+(KHTML,+like+Gecko)+Chrome/61.0.3163.79+Safari/537.36 http://localhost:1715/Admin/ClassInfo.aspx 200 0 0 269
2017-10-17 05:05:47 ::1 GET /css/jquery.js - 1715 - ::1 Mozilla/5.0+(Windows+NT+10.0;+Win64;+x64)+AppleWebKit/537.36+(KHTML,+like+Gecko)+Chrome/61.0.3163.79+Safari/537.36 http://localhost:1715/Admin/ClassInfo.aspx 200 0 0 515
2017-10-17 05:05:47 ::1 GET /image/logosyxx.jpg - 1715 - ::1 Mozilla/5.0+(Windows+NT+10.0;+Win64;+x64)+AppleWebKit/537.36+(KHTML,+like+Gecko)+Chrome/61.0.3163.79+Safari/537.36 http://localhost:1715/Admin/ClassInfo.aspx 304 0 0 2
2017-10-17 05:05:48 ::1 GET /js/echarts.js - 1715 - ::1 Mozilla/5.0+(Windows+NT+10.0;+Win64;+x64)+AppleWebKit/537.36+(KHTML,+like+Gecko)+Chrome/61.0.3163.79+Safari/537.36 http://localhost:1715/Admin/ClassInfo.aspx 200 0 0 1201
2017-10-17 05:05:48 ::1 GET /My97DatePicker/skin/WdatePicker.css - 1715 - ::1 Mozilla/5.0+(Windows+NT+10.0;+Win64;+x64)+AppleWebKit/537.36+(KHTML,+like+Gecko)+Chrome/61.0.3163.79+Safari/537.36 http://localhost:1715/Admin/ClassInfo.aspx 200 0 0 3
2017-10-17 05:05:48 ::1 GET /css/bootstrap/fonts/glyphicons-halflings-regular.woff - 1715 - ::1 Mozilla/5.0+(Windows+NT+10.0;+Win64;+x64)+AppleWebKit/537.36+(KHTML,+like+Gecko)+Chrome/61.0.3163.79+Safari/537.36 http://localhost:1715/css/bootstrap/css/bootstrap.css 304 0 0 7
2017-10-17 05:05:48 ::1 GET /favicon.ico - 1715 - ::1 Mozilla/5.0+(Windows+NT+10.0;+Win64;+x64)+AppleWebKit/537.36+(KHTML,+like+Gecko)+Chrome/61.0.3163.79+Safari/537.36 http://localhost:1715/Admin/ClassInfo.aspx 404 0 2 39
2017-10-17 05:05:50 ::1 GET /__browserLink/requestData/283289e432b84bbe8d67f1b1a6fe2ad7 version=2 1715 - ::1 Mozilla/5.0+(Windows+NT+10.0;+Win64;+x64)+AppleWebKit/537.36+(KHTML,+like+Gecko)+Chrome/61.0.3163.79+Safari/537.36 http://localhost:1715/Admin/ClassInfo.aspx 200 0 0 172
2017-10-17 05:06:03 ::1 GET /Admin/Index.aspx - 1715 - ::1 Mozilla/5.0+(Windows+NT+10.0;+Win64;+x64)+AppleWebKit/537.36+(KHTML,+like+Gecko)+Chrome/61.0.3163.79+Safari/537.36 http://localhost:1715/Admin/ClassInfo.aspx 200 0 0 71
2017-10-17 05:06:03 ::1 GET /__browserLink/requestData/9923d2c083514f41ac1c892c44f60cfd version=2 1715 - ::1 Mozilla/5.0+(Windows+NT+10.0;+Win64;+x64)+AppleWebKit/537.36+(KHTML,+like+Gecko)+Chrome/61.0.3163.79+Safari/537.36 http://localhost:1715/Admin/Index.aspx 200 0 0 8
2017-10-17 05:06:10 ::1 GET /Admin/StudentInfo.aspx - 1715 - ::1 Mozilla/5.0+(Windows+NT+10.0;+Win64;+x64)+AppleWebKit/537.36+(KHTML,+like+Gecko)+Chrome/61.0.3163.79+Safari/537.36 http://localhost:1715/Admin/Index.aspx 200 0 0 73
2017-10-17 05:06:10 ::1 GET /__browserLink/requestData/8a6c9762ce194b2bab9bcb30696bed7d version=2 1715 - ::1 Mozilla/5.0+(Windows+NT+10.0;+Win64;+x64)+AppleWebKit/537.36+(KHTML,+like+Gecko)+Chrome/61.0.3163.79+Safari/537.36 http://localhost:1715/Admin/StudentInfo.aspx 200 0 0 13
2017-10-17 05:06:16 ::1 GET /upload/模板/学生信息表.xlsx - 1715 - ::1 Mozilla/5.0+(Windows+NT+10.0;+Win64;+x64)+AppleWebKit/537.36+(KHTML,+like+Gecko)+Chrome/61.0.3163.79+Safari/537.36 http://localhost:1715/Admin/StudentInfo.aspx 200 0 0 17
2017-10-17 05:06:44 ::1 GET /Admin/ClassInfo.aspx - 1715 - ::1 Mozilla/5.0+(Windows+NT+10.0;+Win64;+x64)+AppleWebKit/537.36+(KHTML,+like+Gecko)+Chrome/61.0.3163.79+Safari/537.36 http://localhost:1715/Admin/StudentInfo.aspx 200 0 0 424
2017-10-17 05:06:44 ::1 GET /__browserLink/requestData/d4fbbc4e1049431c838225fe70871ddd version=2 1715 - ::1 Mozilla/5.0+(Windows+NT+10.0;+Win64;+x64)+AppleWebKit/537.36+(KHTML,+like+Gecko)+Chrome/61.0.3163.79+Safari/537.36 http://localhost:1715/Admin/ClassInfo.aspx 200 0 0 16
2017-10-17 05:07:19 ::1 GET /Admin/SelectedClass.aspx - 1715 - ::1 Mozilla/5.0+(Windows+NT+10.0;+Win64;+x64)+AppleWebKit/537.36+(KHTML,+like+Gecko)+Chrome/61.0.3163.79+Safari/537.36 http://localhost:1715/Admin/ClassInfo.aspx 500 0 64 32601
2017-10-17 05:07:19 ::1 GET /Admin/Set.aspx - 1715 - ::1 Mozilla/5.0+(Windows+NT+10.0;+Win64;+x64)+AppleWebKit/537.36+(KHTML,+like+Gecko)+Chrome/61.0.3163.79+Safari/537.36 http://localhost:1715/Admin/ClassInfo.aspx 500 0 0 15679
2017-10-17 05:08:03 ::1 GET /Admin/ClassInfo.aspx - 1715 - ::1 Mozilla/5.0+(Windows+NT+10.0;+Win64;+x64)+AppleWebKit/537.36+(KHTML,+like+Gecko)+Chrome/61.0.3163.79+Safari/537.36 http://localhost:1715/Admin/StudentInfo.aspx 200 0 64 94383
#Software: Microsoft Internet Information Services 10.0
#Version: 1.0
#Date: 2017-10-17 16:33:10
#Fields: date time s-ip cs-method cs-uri-stem cs-uri-query s-port cs-username c-ip cs(User-Agent) cs(Referer) sc-status sc-substatus sc-win32-status time-taken
2017-10-17 16:33:10 ::1 GET /index.html - 1715 - ::1 Mozilla/5.0+(Windows+NT+10.0;+Win64;+x64)+AppleWebKit/537.36+(KHTML,+like+Gecko)+Chrome/61.0.3163.79+Safari/537.36 - 304 0 0 542
2017-10-17 16:33:10 ::1 GET /css/animate.css - 1715 - ::1 Mozilla/5.0+(Windows+NT+10.0;+Win64;+x64)+AppleWebKit/537.36+(KHTML,+like+Gecko)+Chrome/61.0.3163.79+Safari/537.36 http://localhost:1715/index.html 304 0 0 6
2017-10-17 16:33:10 ::1 GET /css/bootstrap/css/bootstrap.min.css - 1715 - ::1 Mozilla/5.0+(Windows+NT+10.0;+Win64;+x64)+AppleWebKit/537.36+(KHTML,+like+Gecko)+Chrome/61.0.3163.79+Safari/537.36 http://localhost:1715/index.html 304 0 0 5
2017-10-17 16:33:10 ::1 GET /js/jquery-1.7.2.min.js - 1715 - ::1 Mozilla/5.0+(Windows+NT+10.0;+Win64;+x64)+AppleWebKit/537.36+(KHTML,+like+Gecko)+Chrome/61.0.3163.79+Safari/537.36 http://localhost:1715/index.html 304 0 0 9
2017-10-17 16:33:10 ::1 GET /js/common.js - 1715 - ::1 Mozilla/5.0+(Windows+NT+10.0;+Win64;+x64)+AppleWebKit/537.36+(KHTML,+like+Gecko)+Chrome/61.0.3163.79+Safari/537.36 http://localhost:1715/index.html 304 0 0 10
2017-10-17 16:33:10 ::1 GET /font-awesome/css/font-awesome.min.css - 1715 - ::1 Mozilla/5.0+(Windows+NT+10.0;+Win64;+x64)+AppleWebKit/537.36+(KHTML,+like+Gecko)+Chrome/61.0.3163.79+Safari/537.36 http://localhost:1715/index.html 304 0 0 12
2017-10-17 16:33:10 ::1 GET /css/style.css - 1715 - ::1 Mozilla/5.0+(Windows+NT+10.0;+Win64;+x64)+AppleWebKit/537.36+(KHTML,+like+Gecko)+Chrome/61.0.3163.79+Safari/537.36 http://localhost:1715/index.html 304 0 0 6
2017-10-17 16:33:10 ::1 GET /JqueryUI/ui/minified/jquery.ui.core.min.js - 1715 - ::1 Mozilla/5.0+(Windows+NT+10.0;+Win64;+x64)+AppleWebKit/537.36+(KHTML,+like+Gecko)+Chrome/61.0.3163.79+Safari/537.36 http://localhost:1715/index.html 304 0 0 21
2017-10-17 16:33:10 ::1 GET /JqueryUI/ui/jquery.ui.mouse.js - 1715 - ::1 Mozilla/5.0+(Windows+NT+10.0;+Win64;+x64)+AppleWebKit/537.36+(KHTML,+like+Gecko)+Chrome/61.0.3163.79+Safari/537.36 http://localhost:1715/index.html 304 0 0 18
2017-10-17 16:33:10 ::1 GET /JqueryUI/ui/jquery.ui.draggable.js - 1715 - ::1 Mozilla/5.0+(Windows+NT+10.0;+Win64;+x64)+AppleWebKit/537.36+(KHTML,+like+Gecko)+Chrome/61.0.3163.79+Safari/537.36 http://localhost:1715/index.html 304 0 0 18
2017-10-17 16:33:10 ::1 GET /JqueryUI/ui/minified/jquery.ui.widget.min.js - 1715 - ::1 Mozilla/5.0+(Windows+NT+10.0;+Win64;+x64)+AppleWebKit/537.36+(KHTML,+like+Gecko)+Chrome/61.0.3163.79+Safari/537.36 http://localhost:1715/index.html 304 0 0 19
2017-10-17 16:33:10 ::1 GET /JqueryUI/ui/minified/jquery.ui.droppable.min.js - 1715 - ::1 Mozilla/5.0+(Windows+NT+10.0;+Win64;+x64)+AppleWebKit/537.36+(KHTML,+like+Gecko)+Chrome/61.0.3163.79+Safari/537.36 http://localhost:1715/index.html 304 0 0 39
2017-10-17 16:33:10 ::1 GET /JqueryUI/ui/minified/jquery.ui.position.min.js - 1715 - ::1 Mozilla/5.0+(Windows+NT+10.0;+Win64;+x64)+AppleWebKit/537.36+(KHTML,+like+Gecko)+Chrome/61.0.3163.79+Safari/537.36 http://localhost:1715/index.html 304 0 0 39
2017-10-17 16:33:10 ::1 GET /JqueryUI/themes/base/jquery.ui.all.css - 1715 - ::1 Mozilla/5.0+(Windows+NT+10.0;+Win64;+x64)+AppleWebKit/537.36+(KHTML,+like+Gecko)+Chrome/61.0.3163.79+Safari/537.36 http://localhost:1715/index.html 304 0 0 26
2017-10-17 16:33:10 ::1 GET /JqueryUI/ui/minified/jquery.ui.button.min.js - 1715 - ::1 Mozilla/5.0+(Windows+NT+10.0;+Win64;+x64)+AppleWebKit/537.36+(KHTML,+like+Gecko)+Chrome/61.0.3163.79+Safari/537.36 http://localhost:1715/index.html 304 0 0 26
2017-10-17 16:33:10 ::1 GET /JqueryUI/ui/jquery.ui.effect.js - 1715 - ::1 Mozilla/5.0+(Windows+NT+10.0;+Win64;+x64)+AppleWebKit/537.36+(KHTML,+like+Gecko)+Chrome/61.0.3163.79+Safari/537.36 http://localhost:1715/index.html 304 0 0 27
2017-10-17 16:33:10 ::1 GET /JqueryUI/ui/jquery.ui.dialog.js - 1715 - ::1 Mozilla/5.0+(Windows+NT+10.0;+Win64;+x64)+AppleWebKit/537.36+(KHTML,+like+Gecko)+Chrome/61.0.3163.79+Safari/537.36 http://localhost:1715/index.html 304 0 0 19
2017-10-17 16:33:10 ::1 GET /JqueryUI/ui/jquery.ui.effect-blind.js - 1715 - ::1 Mozilla/5.0+(Windows+NT+10.0;+Win64;+x64)+AppleWebKit/537.36+(KHTML,+like+Gecko)+Chrome/61.0.3163.79+Safari/537.36 http://localhost:1715/index.html 304 0 0 6
2017-10-17 16:33:10 ::1 GET /JqueryUI/ui/jquery.ui.effect-explode.js - 1715 - ::1 Mozilla/5.0+(Windows+NT+10.0;+Win64;+x64)+AppleWebKit/537.36+(KHTML,+like+Gecko)+Chrome/61.0.3163.79+Safari/537.36 http://localhost:1715/index.html 304 0 0 6
2017-10-17 16:33:10 ::1 GET /JqueryUI/themes/base/jquery.ui.base.css - 1715 - ::1 Mozilla/5.0+(Windows+NT+10.0;+Win64;+x64)+AppleWebKit/537.36+(KHTML,+like+Gecko)+Chrome/61.0.3163.79+Safari/537.36 http://localhost:1715/index.html 304 0 0 2
2017-10-17 16:33:10 ::1 GET /JqueryUI/themes/base/jquery.ui.theme.css - 1715 - ::1 Mozilla/5.0+(Windows+NT+10.0;+Win64;+x64)+AppleWebKit/537.36+(KHTML,+like+Gecko)+Chrome/61.0.3163.79+Safari/537.36 http://localhost:1715/index.html 304 0 0 2
2017-10-17 16:33:10 ::1 GET /image/index-pic1.jpg - 1715 - ::1 Mozilla/5.0+(Windows+NT+10.0;+Win64;+x64)+AppleWebKit/537.36+(KHTML,+like+Gecko)+Chrome/61.0.3163.79+Safari/537.36 http://localhost:1715/index.html 304 0 0 3
2017-10-17 16:33:10 ::1 GET /image/logosyxx.jpg - 1715 - ::1 Mozilla/5.0+(Windows+NT+10.0;+Win64;+x64)+AppleWebKit/537.36+(KHTML,+like+Gecko)+Chrome/61.0.3163.79+Safari/537.36 http://localhost:1715/index.html 304 0 0 7
2017-10-17 16:33:10 ::1 GET /images/waiting.gif - 1715 - ::1 Mozilla/5.0+(Windows+NT+10.0;+Win64;+x64)+AppleWebKit/537.36+(KHTML,+like+Gecko)+Chrome/61.0.3163.79+Safari/537.36 http://localhost:1715/index.html 304 0 0 14
2017-10-17 16:33:10 ::1 GET /image/login_title.png - 1715 - ::1 Mozilla/5.0+(Windows+NT+10.0;+Win64;+x64)+AppleWebKit/537.36+(KHTML,+like+Gecko)+Chrome/61.0.3163.79+Safari/537.36 http://localhost:1715/index.html 304 0 0 14
2017-10-17 16:33:10 ::1 GET /JqueryUI/themes/base/jquery.ui.core.css - 1715 - ::1 Mozilla/5.0+(Windows+NT+10.0;+Win64;+x64)+AppleWebKit/537.36+(KHTML,+like+Gecko)+Chrome/61.0.3163.79+Safari/537.36 http://localhost:1715/index.html 304 0 0 21
2017-10-17 16:33:10 ::1 GET /JqueryUI/themes/base/jquery.ui.accordion.css - 1715 - ::1 Mozilla/5.0+(Windows+NT+10.0;+Win64;+x64)+AppleWebKit/537.36+(KHTML,+like+Gecko)+Chrome/61.0.3163.79+Safari/537.36 http://localhost:1715/index.html 304 0 0 22
2017-10-17 16:33:10 ::1 GET /JqueryUI/themes/base/jquery.ui.autocomplete.css - 1715 - ::1 Mozilla/5.0+(Windows+NT+10.0;+Win64;+x64)+AppleWebKit/537.36+(KHTML,+like+Gecko)+Chrome/61.0.3163.79+Safari/537.36 http://localhost:1715/index.html 304 0 0 27
2017-10-17 16:33:10 ::1 GET /JqueryUI/themes/base/jquery.ui.dialog.css - 1715 - ::1 Mozilla/5.0+(Windows+NT+10.0;+Win64;+x64)+AppleWebKit/537.36+(KHTML,+like+Gecko)+Chrome/61.0.3163.79+Safari/537.36 http://localhost:1715/index.html 304 0 0 20
2017-10-17 16:33:10 ::1 GET /JqueryUI/themes/base/jquery.ui.datepicker.css - 1715 - ::1 Mozilla/5.0+(Windows+NT+10.0;+Win64;+x64)+AppleWebKit/537.36+(KHTML,+like+Gecko)+Chrome/61.0.3163.79+Safari/537.36 http://localhost:1715/index.html 304 0 0 20
2017-10-17 16:33:10 ::1 GET /JqueryUI/themes/base/jquery.ui.button.css - 1715 - ::1 Mozilla/5.0+(Windows+NT+10.0;+Win64;+x64)+AppleWebKit/537.36+(KHTML,+like+Gecko)+Chrome/61.0.3163.79+Safari/537.36 http://localhost:1715/index.html 304 0 0 27
2017-10-17 16:33:10 ::1 GET /JqueryUI/themes/base/jquery.ui.menu.css - 1715 - ::1 Mozilla/5.0+(Windows+NT+10.0;+Win64;+x64)+AppleWebKit/537.36+(KHTML,+like+Gecko)+Chrome/61.0.3163.79+Safari/537.36 http://localhost:1715/index.html 304 0 0 21
2017-10-17 16:33:10 ::1 GET /JqueryUI/themes/base/jquery.ui.progressbar.css - 1715 - ::1 Mozilla/5.0+(Windows+NT+10.0;+Win64;+x64)+AppleWebKit/537.36+(KHTML,+like+Gecko)+Chrome/61.0.3163.79+Safari/537.36 http://localhost:1715/index.html 304 0 0 20
2017-10-17 16:33:10 ::1 GET /JqueryUI/themes/base/jquery.ui.resizable.css - 1715 - ::1 Mozilla/5.0+(Windows+NT+10.0;+Win64;+x64)+AppleWebKit/537.36+(KHTML,+like+Gecko)+Chrome/61.0.3163.79+Safari/537.36 http://localhost:1715/index.html 304 0 0 16
2017-10-17 16:33:10 ::1 GET /JqueryUI/themes/base/jquery.ui.slider.css - 1715 - ::1 Mozilla/5.0+(Windows+NT+10.0;+Win64;+x64)+AppleWebKit/537.36+(KHTML,+like+Gecko)+Chrome/61.0.3163.79+Safari/537.36 http://localhost:1715/index.html 304 0 0 16
2017-10-17 16:33:10 ::1 GET /JqueryUI/themes/base/jquery.ui.spinner.css - 1715 - ::1 Mozilla/5.0+(Windows+NT+10.0;+Win64;+x64)+AppleWebKit/537.36+(KHTML,+like+Gecko)+Chrome/61.0.3163.79+Safari/537.36 http://localhost:1715/index.html 304 0 0 17
2017-10-17 16:33:10 ::1 GET /JqueryUI/themes/base/jquery.ui.selectable.css - 1715 - ::1 Mozilla/5.0+(Windows+NT+10.0;+Win64;+x64)+AppleWebKit/537.36+(KHTML,+like+Gecko)+Chrome/61.0.3163.79+Safari/537.36 http://localhost:1715/index.html 304 0 0 23
2017-10-17 16:33:10 ::1 GET /JqueryUI/themes/base/jquery.ui.tabs.css - 1715 - ::1 Mozilla/5.0+(Windows+NT+10.0;+Win64;+x64)+AppleWebKit/537.36+(KHTML,+like+Gecko)+Chrome/61.0.3163.79+Safari/537.36 http://localhost:1715/index.html 304 0 0 15
2017-10-17 16:33:10 ::1 GET /JqueryUI/themes/base/jquery.ui.tooltip.css - 1715 - ::1 Mozilla/5.0+(Windows+NT+10.0;+Win64;+x64)+AppleWebKit/537.36+(KHTML,+like+Gecko)+Chrome/61.0.3163.79+Safari/537.36 http://localhost:1715/index.html 304 0 0 15
2017-10-17 16:33:11 ::1 GET /JqueryUI/themes/base/images/ui-bg_flat_0_aaaaaa_40x100.png - 1715 - ::1 Mozilla/5.0+(Windows+NT+10.0;+Win64;+x64)+AppleWebKit/537.36+(KHTML,+like+Gecko)+Chrome/61.0.3163.79+Safari/537.36 http://localhost:1715/JqueryUI/themes/base/jquery.ui.theme.css 304 0 0 5
2017-10-17 16:33:11 ::1 GET /css/bootstrap/fonts/glyphicons-halflings-regular.woff - 1715 - ::1 Mozilla/5.0+(Windows+NT+10.0;+Win64;+x64)+AppleWebKit/537.36+(KHTML,+like+Gecko)+Chrome/61.0.3163.79+Safari/537.36 http://localhost:1715/css/bootstrap/css/bootstrap.min.css 304 0 0 24
2017-10-17 16:33:11 ::1 GET /JqueryUI/themes/base/images/ui-bg_flat_75_ffffff_40x100.png - 1715 - ::1 Mozilla/5.0+(Windows+NT+10.0;+Win64;+x64)+AppleWebKit/537.36+(KHTML,+like+Gecko)+Chrome/61.0.3163.79+Safari/537.36 http://localhost:1715/JqueryUI/themes/base/jquery.ui.theme.css 304 0 0 3
2017-10-17 16:33:11 ::1 GET /favicon.ico - 1715 - ::1 Mozilla/5.0+(Windows+NT+10.0;+Win64;+x64)+AppleWebKit/537.36+(KHTML,+like+Gecko)+Chrome/61.0.3163.79+Safari/537.36 http://localhost:1715/index.html 404 0 2 29
2017-10-17 16:34:49 ::1 GET /index.html - 1715 - ::1 Mozilla/5.0+(Windows+NT+10.0;+Win64;+x64)+AppleWebKit/537.36+(KHTML,+like+Gecko)+Chrome/61.0.3163.79+Safari/537.36 - 304 0 0 9
2017-10-17 16:35:19 ::1 POST /login.ashx - 1715 - ::1 Mozilla/5.0+(Windows+NT+10.0;+Win64;+x64)+AppleWebKit/537.36+(KHTML,+like+Gecko)+Chrome/61.0.3163.79+Safari/537.36 http://localhost:1715/index.html 500 0 64 39323
2017-10-17 16:40:31 ::1 GET /redirect.html - 1715 - ::1 Mozilla/5.0+(Windows+NT+10.0;+Win64;+x64)+AppleWebKit/537.36+(KHTML,+like+Gecko)+Chrome/61.0.3163.79+Safari/537.36 - 200 0 0 9
