-------- Plugin Loading Log ------------

Loading from root path: E:\adobe_flash_profession_cc\Adobe Media Encoder CC\Plug-ins\en_US\
Clearing the plugin cache from the registry

Scanning for the following file types: *.prmp, *.prm, *.dll, *.aex, *.8bf

Scanning E:\adobe_flash_profession_cc\Adobe Media Encoder CC\Plug-ins\en_US and sub-directories

Loading E:\adobe_flash_profession_cc\Adobe Media Encoder CC\Plug-ins\en_US\VSTPlugins\Chorus1.dll
Loading from disk...
This plugin was recognized by loader 0c25b1b0-35d6-4750-be5a-a7f92f33e017.

Loading E:\adobe_flash_profession_cc\Adobe Media Encoder CC\Plug-ins\en_US\VSTPlugins\Chorus2.dll
Loading from disk...
This plugin was recognized by loader 0c25b1b0-35d6-4750-be5a-a7f92f33e017.

Loading E:\adobe_flash_profession_cc\Adobe Media Encoder CC\Plug-ins\en_US\VSTPlugins\Chorus6.dll
Loading from disk...
This plugin was recognized by loader 0c25b1b0-35d6-4750-be5a-a7f92f33e017.

Loading E:\adobe_flash_profession_cc\Adobe Media Encoder CC\Plug-ins\en_US\VSTPlugins\DeClicker1.dll
Loading from disk...
This plugin was recognized by loader 0c25b1b0-35d6-4750-be5a-a7f92f33e017.

Loading E:\adobe_flash_profession_cc\Adobe Media Encoder CC\Plug-ins\en_US\VSTPlugins\DeClicker2.dll
Loading from disk...
This plugin was recognized by loader 0c25b1b0-35d6-4750-be5a-a7f92f33e017.

Loading E:\adobe_flash_profession_cc\Adobe Media Encoder CC\Plug-ins\en_US\VSTPlugins\DeClicker6.dll
Loading from disk...
This plugin was recognized by loader 0c25b1b0-35d6-4750-be5a-a7f92f33e017.

Loading E:\adobe_flash_profession_cc\Adobe Media Encoder CC\Plug-ins\en_US\VSTPlugins\DeCrackler1.dll
Loading from disk...
This plugin was recognized by loader 0c25b1b0-35d6-4750-be5a-a7f92f33e017.

Loading E:\adobe_flash_profession_cc\Adobe Media Encoder CC\Plug-ins\en_US\VSTPlugins\DeCrackler2.dll
Loading from disk...
This plugin was recognized by loader 0c25b1b0-35d6-4750-be5a-a7f92f33e017.

Loading E:\adobe_flash_profession_cc\Adobe Media Encoder CC\Plug-ins\en_US\VSTPlugins\DeCrackler6.dll
Loading from disk...
This plugin was recognized by loader 0c25b1b0-35d6-4750-be5a-a7f92f33e017.

Loading E:\adobe_flash_profession_cc\Adobe Media Encoder CC\Plug-ins\en_US\VSTPlugins\DeEsser1.dll
Loading from disk...
This plugin was recognized by loader 0c25b1b0-35d6-4750-be5a-a7f92f33e017.

Loading E:\adobe_flash_profession_cc\Adobe Media Encoder CC\Plug-ins\en_US\VSTPlugins\DeEsser2.dll
Loading from disk...
This plugin was recognized by loader 0c25b1b0-35d6-4750-be5a-a7f92f33e017.

Loading E:\adobe_flash_profession_cc\Adobe Media Encoder CC\Plug-ins\en_US\VSTPlugins\DeEsser6.dll
Loading from disk...
This plugin was recognized by loader 0c25b1b0-35d6-4750-be5a-a7f92f33e017.

Loading E:\adobe_flash_profession_cc\Adobe Media Encoder CC\Plug-ins\en_US\VSTPlugins\DeHummer1.dll
Loading from disk...
This plugin was recognized by loader 0c25b1b0-35d6-4750-be5a-a7f92f33e017.

Loading E:\adobe_flash_profession_cc\Adobe Media Encoder CC\Plug-ins\en_US\VSTPlugins\DeHummer2.dll
Loading from disk...
This plugin was recognized by loader 0c25b1b0-35d6-4750-be5a-a7f92f33e017.

Loading E:\adobe_flash_profession_cc\Adobe Media Encoder CC\Plug-ins\en_US\VSTPlugins\DeHummer6.dll
Loading from disk...
This plugin was recognized by loader 0c25b1b0-35d6-4750-be5a-a7f92f33e017.

Loading E:\adobe_flash_profession_cc\Adobe Media Encoder CC\Plug-ins\en_US\VSTPlugins\DeNoiser1.dll
Loading from disk...
This plugin was recognized by loader 0c25b1b0-35d6-4750-be5a-a7f92f33e017.

Loading E:\adobe_flash_profession_cc\Adobe Media Encoder CC\Plug-ins\en_US\VSTPlugins\DeNoiser2.dll
Loading from disk...
This plugin was recognized by loader 0c25b1b0-35d6-4750-be5a-a7f92f33e017.

Loading E:\adobe_flash_profession_cc\Adobe Media Encoder CC\Plug-ins\en_US\VSTPlugins\DeNoiser6.dll
Loading from disk...
This plugin was recognized by loader 0c25b1b0-35d6-4750-be5a-a7f92f33e017.

Loading E:\adobe_flash_profession_cc\Adobe Media Encoder CC\Plug-ins\en_US\VSTPlugins\Dynamics1.dll
Loading from disk...
This plugin was recognized by loader 0c25b1b0-35d6-4750-be5a-a7f92f33e017.

Loading E:\adobe_flash_profession_cc\Adobe Media Encoder CC\Plug-ins\en_US\VSTPlugins\Dynamics2.dll
Loading from disk...
This plugin was recognized by loader 0c25b1b0-35d6-4750-be5a-a7f92f33e017.

Loading E:\adobe_flash_profession_cc\Adobe Media Encoder CC\Plug-ins\en_US\VSTPlugins\Dynamics6.dll
Loading from disk...
This plugin was recognized by loader 0c25b1b0-35d6-4750-be5a-a7f92f33e017.

Loading E:\adobe_flash_profession_cc\Adobe Media Encoder CC\Plug-ins\en_US\VSTPlugins\EQ1.dll
Loading from disk...
This plugin was recognized by loader 0c25b1b0-35d6-4750-be5a-a7f92f33e017.

Loading E:\adobe_flash_profession_cc\Adobe Media Encoder CC\Plug-ins\en_US\VSTPlugins\EQ2.dll
Loading from disk...
This plugin was recognized by loader 0c25b1b0-35d6-4750-be5a-a7f92f33e017.

Loading E:\adobe_flash_profession_cc\Adobe Media Encoder CC\Plug-ins\en_US\VSTPlugins\EQ6.dll
Loading from disk...
This plugin was recognized by loader 0c25b1b0-35d6-4750-be5a-a7f92f33e017.

Loading E:\adobe_flash_profession_cc\Adobe Media Encoder CC\Plug-ins\en_US\VSTPlugins\Flanger1.dll
Loading from disk...
This plugin was recognized by loader 0c25b1b0-35d6-4750-be5a-a7f92f33e017.

Loading E:\adobe_flash_profession_cc\Adobe Media Encoder CC\Plug-ins\en_US\VSTPlugins\Flanger2.dll
Loading from disk...
This plugin was recognized by loader 0c25b1b0-35d6-4750-be5a-a7f92f33e017.

Loading E:\adobe_flash_profession_cc\Adobe Media Encoder CC\Plug-ins\en_US\VSTPlugins\Flanger6.dll
Loading from disk...
This plugin was recognized by loader 0c25b1b0-35d6-4750-be5a-a7f92f33e017.

Loading E:\adobe_flash_profession_cc\Adobe Media Encoder CC\Plug-ins\en_US\VSTPlugins\MultiBand1.dll
Loading from disk...
This plugin was recognized by loader 0c25b1b0-35d6-4750-be5a-a7f92f33e017.

Loading E:\adobe_flash_profession_cc\Adobe Media Encoder CC\Plug-ins\en_US\VSTPlugins\MultiBand2.dll
Loading from disk...
This plugin was recognized by loader 0c25b1b0-35d6-4750-be5a-a7f92f33e017.

Loading E:\adobe_flash_profession_cc\Adobe Media Encoder CC\Plug-ins\en_US\VSTPlugins\MultiBand6.dll
Loading from disk...
This plugin was recognized by loader 0c25b1b0-35d6-4750-be5a-a7f92f33e017.

Loading E:\adobe_flash_profession_cc\Adobe Media Encoder CC\Plug-ins\en_US\VSTPlugins\Phaser1.dll
Loading from disk...
This plugin was recognized by loader 0c25b1b0-35d6-4750-be5a-a7f92f33e017.

Loading E:\adobe_flash_profession_cc\Adobe Media Encoder CC\Plug-ins\en_US\VSTPlugins\Phaser2.dll
Loading from disk...
This plugin was recognized by loader 0c25b1b0-35d6-4750-be5a-a7f92f33e017.

Loading E:\adobe_flash_profession_cc\Adobe Media Encoder CC\Plug-ins\en_US\VSTPlugins\Phaser6.dll
Loading from disk...
This plugin was recognized by loader 0c25b1b0-35d6-4750-be5a-a7f92f33e017.

Loading E:\adobe_flash_profession_cc\Adobe Media Encoder CC\Plug-ins\en_US\VSTPlugins\PitchShifter1.dll
Loading from disk...
This plugin was recognized by loader 0c25b1b0-35d6-4750-be5a-a7f92f33e017.

Loading E:\adobe_flash_profession_cc\Adobe Media Encoder CC\Plug-ins\en_US\VSTPlugins\PitchShifter2.dll
Loading from disk...
This plugin was recognized by loader 0c25b1b0-35d6-4750-be5a-a7f92f33e017.

Loading E:\adobe_flash_profession_cc\Adobe Media Encoder CC\Plug-ins\en_US\VSTPlugins\PitchShifter6.dll
Loading from disk...
This plugin was recognized by loader 0c25b1b0-35d6-4750-be5a-a7f92f33e017.

Loading E:\adobe_flash_profession_cc\Adobe Media Encoder CC\Plug-ins\en_US\VSTPlugins\Reverb1.dll
Loading from disk...
This plugin was recognized by loader 0c25b1b0-35d6-4750-be5a-a7f92f33e017.

Loading E:\adobe_flash_profession_cc\Adobe Media Encoder CC\Plug-ins\en_US\VSTPlugins\Reverb2.dll
Loading from disk...
This plugin was recognized by loader 0c25b1b0-35d6-4750-be5a-a7f92f33e017.

Loading E:\adobe_flash_profession_cc\Adobe Media Encoder CC\Plug-ins\en_US\VSTPlugins\Reverb6.dll
Loading from disk...
This plugin was recognized by loader 0c25b1b0-35d6-4750-be5a-a7f92f33e017.

Loading E:\adobe_flash_profession_cc\Adobe Media Encoder CC\Plug-ins\en_US\VSTPlugins\SpectralNoiseReduction1.dll
Loading from disk...
This plugin was recognized by loader 0c25b1b0-35d6-4750-be5a-a7f92f33e017.

Loading E:\adobe_flash_profession_cc\Adobe Media Encoder CC\Plug-ins\en_US\VSTPlugins\SpectralNoiseReduction2.dll
Loading from disk...
This plugin was recognized by loader 0c25b1b0-35d6-4750-be5a-a7f92f33e017.

Loading E:\adobe_flash_profession_cc\Adobe Media Encoder CC\Plug-ins\en_US\VSTPlugins\SpectralNoiseReduction6.dll
Loading from disk...
This plugin was recognized by loader 0c25b1b0-35d6-4750-be5a-a7f92f33e017.

Loading from root path: E:\adobe_flash_profession_cc\Adobe Media Encoder CC\Plug-ins\Common\
Scanning for the following file types: *.prmp, *.prm, *.dll, *.aex, *.8bf

Scanning E:\adobe_flash_profession_cc\Adobe Media Encoder CC\Plug-ins\Common and sub-directories

Loading E:\adobe_flash_profession_cc\Adobe Media Encoder CC\Plug-ins\Common\PremiereFiltersMetaPlugin.prmp

Loading E:\adobe_flash_profession_cc\Adobe Media Encoder CC\Plug-ins\Common\TransitionsMetaPlugin.prmp

Loading E:\adobe_flash_profession_cc\Adobe Media Encoder CC\Plug-ins\Common\ExporterMP3.prm
Loading from disk...
This plugin was recognized by loader d3092dcf-904a-4a97-b4ca-66aed7540d57.

Loading E:\adobe_flash_profession_cc\Adobe Media Encoder CC\Plug-ins\Common\ExporterMPEG2.prm
Loading from disk...
This plugin was recognized by loader d3092dcf-904a-4a97-b4ca-66aed7540d57.

Loading E:\adobe_flash_profession_cc\Adobe Media Encoder CC\Plug-ins\Common\ExporterMPEG4.prm
Loading from disk...
This plugin was recognized by loader d3092dcf-904a-4a97-b4ca-66aed7540d57.

Loading E:\adobe_flash_profession_cc\Adobe Media Encoder CC\Plug-ins\Common\ExporterMPEGPreview.prm
Loading from disk...
This plugin was recognized by loader d3092dcf-904a-4a97-b4ca-66aed7540d57.

Loading E:\adobe_flash_profession_cc\Adobe Media Encoder CC\Plug-ins\Common\ExporterMXF.prm
Loading from disk...
This plugin was recognized by loader d3092dcf-904a-4a97-b4ca-66aed7540d57.

Loading E:\adobe_flash_profession_cc\Adobe Media Encoder CC\Plug-ins\Common\FCPXProjectConverter.prm
Loading from disk...
This plugin was recognized by loader 2d887736-82fa-4239-9b42-9019215e470d.

Loading E:\adobe_flash_profession_cc\Adobe Media Encoder CC\Plug-ins\Common\ImporterAIEPS.prm
Loading from disk...
This plugin was recognized by loader ba1058cd-0007-44e4-bf1a-0ef51307b979.

Loading E:\adobe_flash_profession_cc\Adobe Media Encoder CC\Plug-ins\Common\ImporterAIFF.prm
Loading from disk...
This plugin was recognized by loader ba1058cd-0007-44e4-bf1a-0ef51307b979.

Loading E:\adobe_flash_profession_cc\Adobe Media Encoder CC\Plug-ins\Common\ImporterARRIRAW.prm
Loading from disk...
This plugin was recognized by loader ba1058cd-0007-44e4-bf1a-0ef51307b979.

Loading E:\adobe_flash_profession_cc\Adobe Media Encoder CC\Plug-ins\Common\ImporterASND.prm
Loading from disk...
This plugin was recognized by loader ba1058cd-0007-44e4-bf1a-0ef51307b979.

Loading E:\adobe_flash_profession_cc\Adobe Media Encoder CC\Plug-ins\Common\ImporterAVI.prm
Loading from disk...
This plugin was recognized by loader ba1058cd-0007-44e4-bf1a-0ef51307b979.

Loading E:\adobe_flash_profession_cc\Adobe Media Encoder CC\Plug-ins\Common\ImporterBarsAndTone.prm
Loading from disk...
This plugin was recognized by loader ba1058cd-0007-44e4-bf1a-0ef51307b979.

Loading E:\adobe_flash_profession_cc\Adobe Media Encoder CC\Plug-ins\Common\ImporterBlackMatte.prm
Loading from disk...
This plugin was recognized by loader ba1058cd-0007-44e4-bf1a-0ef51307b979.

Loading E:\adobe_flash_profession_cc\Adobe Media Encoder CC\Plug-ins\Common\ImporterCaptioning.prm
Loading from disk...
This plugin was recognized by loader ba1058cd-0007-44e4-bf1a-0ef51307b979.

Loading E:\adobe_flash_profession_cc\Adobe Media Encoder CC\Plug-ins\Common\ImporterColorMatte.prm
Loading from disk...
This plugin was recognized by loader ba1058cd-0007-44e4-bf1a-0ef51307b979.

Loading E:\adobe_flash_profession_cc\Adobe Media Encoder CC\Plug-ins\Common\ImporterDirectShow.prm
Loading from disk...
This plugin was recognized by loader ba1058cd-0007-44e4-bf1a-0ef51307b979.

Loading E:\adobe_flash_profession_cc\Adobe Media Encoder CC\Plug-ins\Common\ImporterDPX.prm
Loading from disk...
This plugin was recognized by loader ba1058cd-0007-44e4-bf1a-0ef51307b979.

Loading E:\adobe_flash_profession_cc\Adobe Media Encoder CC\Plug-ins\Common\ImporterF65.prm
Loading from disk...
This plugin was recognized by loader ba1058cd-0007-44e4-bf1a-0ef51307b979.

Loading E:\adobe_flash_profession_cc\Adobe Media Encoder CC\Plug-ins\Common\ImporterFastMPEG.prm
Loading from disk...
This plugin was recognized by loader ba1058cd-0007-44e4-bf1a-0ef51307b979.

Loading E:\adobe_flash_profession_cc\Adobe Media Encoder CC\Plug-ins\Common\ImporterFLV.prm
Loading from disk...
This plugin was recognized by loader ba1058cd-0007-44e4-bf1a-0ef51307b979.

Loading E:\adobe_flash_profession_cc\Adobe Media Encoder CC\Plug-ins\Common\ImporterHDBarsAndTone.prm
Loading from disk...
This plugin was recognized by loader ba1058cd-0007-44e4-bf1a-0ef51307b979.

Loading E:\adobe_flash_profession_cc\Adobe Media Encoder CC\Plug-ins\Common\ImporterJPEG.prm
Loading from disk...
This plugin was recognized by loader ba1058cd-0007-44e4-bf1a-0ef51307b979.

Loading E:\adobe_flash_profession_cc\Adobe Media Encoder CC\Plug-ins\Common\ImporterLeader.prm
Loading from disk...
This plugin was recognized by loader ba1058cd-0007-44e4-bf1a-0ef51307b979.

Loading E:\adobe_flash_profession_cc\Adobe Media Encoder CC\Plug-ins\Common\ImporterLumetri.prm
Loading from disk...
This plugin was recognized by loader ba1058cd-0007-44e4-bf1a-0ef51307b979.

Loading E:\adobe_flash_profession_cc\Adobe Media Encoder CC\Plug-ins\Common\ImporterMP3.prm
Loading from disk...
This plugin was recognized by loader ba1058cd-0007-44e4-bf1a-0ef51307b979.

Loading E:\adobe_flash_profession_cc\Adobe Media Encoder CC\Plug-ins\Common\ImporterMPEG.prm
Loading from disk...
This plugin was recognized by loader ba1058cd-0007-44e4-bf1a-0ef51307b979.

Loading E:\adobe_flash_profession_cc\Adobe Media Encoder CC\Plug-ins\Common\ImporterMultiStill.prm
Loading from disk...
This plugin was recognized by loader ba1058cd-0007-44e4-bf1a-0ef51307b979.

Loading E:\adobe_flash_profession_cc\Adobe Media Encoder CC\Plug-ins\Common\ImporterMXF.prm
Loading from disk...
This plugin was recognized by loader ba1058cd-0007-44e4-bf1a-0ef51307b979.

Loading E:\adobe_flash_profession_cc\Adobe Media Encoder CC\Plug-ins\Common\ImporterP2.prm
Loading from disk...
This plugin was recognized by loader ba1058cd-0007-44e4-bf1a-0ef51307b979.

Loading E:\adobe_flash_profession_cc\Adobe Media Encoder CC\Plug-ins\Common\ImporterPhotoshopProxy.prm
Loading from disk...
This plugin was recognized by loader ba1058cd-0007-44e4-bf1a-0ef51307b979.

Loading E:\adobe_flash_profession_cc\Adobe Media Encoder CC\Plug-ins\Common\ImporterPNG.prm
Loading from disk...
This plugin was recognized by loader ba1058cd-0007-44e4-bf1a-0ef51307b979.

Loading E:\adobe_flash_profession_cc\Adobe Media Encoder CC\Plug-ins\Common\ImporterRED.prm
Loading from disk...
This plugin was recognized by loader ba1058cd-0007-44e4-bf1a-0ef51307b979.

Loading E:\adobe_flash_profession_cc\Adobe Media Encoder CC\Plug-ins\Common\ImporterTarga.prm
Loading from disk...
This plugin was recognized by loader ba1058cd-0007-44e4-bf1a-0ef51307b979.

Loading E:\adobe_flash_profession_cc\Adobe Media Encoder CC\Plug-ins\Common\ImporterTiff.prm
Loading from disk...
This plugin was recognized by loader ba1058cd-0007-44e4-bf1a-0ef51307b979.

Loading E:\adobe_flash_profession_cc\Adobe Media Encoder CC\Plug-ins\Common\ImporterTransparentMatte.prm
Loading from disk...
This plugin was recognized by loader ba1058cd-0007-44e4-bf1a-0ef51307b979.

Loading E:\adobe_flash_profession_cc\Adobe Media Encoder CC\Plug-ins\Common\ImporterWave.prm
Loading from disk...
This plugin was recognized by loader ba1058cd-0007-44e4-bf1a-0ef51307b979.

Loading E:\adobe_flash_profession_cc\Adobe Media Encoder CC\Plug-ins\Common\ImporterWindowsMedia.prm
Loading from disk...
This plugin was recognized by loader ba1058cd-0007-44e4-bf1a-0ef51307b979.

Loading E:\adobe_flash_profession_cc\Adobe Media Encoder CC\Plug-ins\Common\ImporterXDCAMEX.prm
Loading from disk...
This plugin was recognized by loader ba1058cd-0007-44e4-bf1a-0ef51307b979.

Loading E:\adobe_flash_profession_cc\Adobe Media Encoder CC\Plug-ins\Common\PlayerMediaCore.prm
Loading from disk...
This plugin was recognized by loader 1b5bc335-92e5-4479-bd38-d18bedec69b2.
This plugin was recognized by loader c9936cb9-1979-48c8-bf22-dbe0ec323274.

Loading E:\adobe_flash_profession_cc\Adobe Media Encoder CC\Plug-ins\Common\AsioWdm.dll
Loading from disk...
No loaders recognized this plugin, so the plugin is set to Ignore.

Loading E:\adobe_flash_profession_cc\Adobe Media Encoder CC\Plug-ins\Common\libmmd.dll
Loading from disk...
No loaders recognized this plugin, so the plugin is set to Ignore.

Loading E:\adobe_flash_profession_cc\Adobe Media Encoder CC\Plug-ins\Common\SMDK-VC100-x64-4_2_0.dll
Loading from disk...
No loaders recognized this plugin, so the plugin is set to Ignore.

Loading E:\adobe_flash_profession_cc\Adobe Media Encoder CC\Plug-ins\Common\SurCodeAC3Encode.dll
Loading from disk...
No loaders recognized this plugin, so the plugin is set to Ignore.

Loading E:\adobe_flash_profession_cc\Adobe Media Encoder CC\Plug-ins\Common\svml_dispmd.dll
Loading from disk...
No loaders recognized this plugin, so the plugin is set to Ignore.

Loading E:\adobe_flash_profession_cc\Adobe Media Encoder CC\Plug-ins\Common\xerces-c_3_0.dll
Loading from disk...
No loaders recognized this plugin, so the plugin is set to Ignore.

Loading E:\adobe_flash_profession_cc\Adobe Media Encoder CC\Plug-ins\Common\AEAutoColor.aex
Loading from disk...
This plugin was recognized by loader 9ee18075-33c9-482a-b1a3-f2ab007a5a07.

Loading E:\adobe_flash_profession_cc\Adobe Media Encoder CC\Plug-ins\Common\AEAutoContrast.aex
Loading from disk...
This plugin was recognized by loader 9ee18075-33c9-482a-b1a3-f2ab007a5a07.

Loading E:\adobe_flash_profession_cc\Adobe Media Encoder CC\Plug-ins\Common\AEAutoLevels.aex
Loading from disk...
This plugin was recognized by loader 9ee18075-33c9-482a-b1a3-f2ab007a5a07.

Loading E:\adobe_flash_profession_cc\Adobe Media Encoder CC\Plug-ins\Common\AEFilterAlphaAdjust.aex
Loading from disk...
This plugin was recognized by loader 9ee18075-33c9-482a-b1a3-f2ab007a5a07.

Loading E:\adobe_flash_profession_cc\Adobe Media Encoder CC\Plug-ins\Common\AEFilterBlueScreen.aex
Loading from disk...
This plugin was recognized by loader 9ee18075-33c9-482a-b1a3-f2ab007a5a07.

Loading E:\adobe_flash_profession_cc\Adobe Media Encoder CC\Plug-ins\Common\AEFilterChromaKey.aex
Loading from disk...
This plugin was recognized by loader 9ee18075-33c9-482a-b1a3-f2ab007a5a07.

Loading E:\adobe_flash_profession_cc\Adobe Media Encoder CC\Plug-ins\Common\AEFilterClipName.aex
Loading from disk...
This plugin was recognized by loader 9ee18075-33c9-482a-b1a3-f2ab007a5a07.

Loading E:\adobe_flash_profession_cc\Adobe Media Encoder CC\Plug-ins\Common\AEFilterColorFast.aex
Loading from disk...
This plugin was recognized by loader 9ee18075-33c9-482a-b1a3-f2ab007a5a07.

Loading E:\adobe_flash_profession_cc\Adobe Media Encoder CC\Plug-ins\Common\AEFilterColorRGBCorrector.aex
Loading from disk...
This plugin was recognized by loader 9ee18075-33c9-482a-b1a3-f2ab007a5a07.

Loading E:\adobe_flash_profession_cc\Adobe Media Encoder CC\Plug-ins\Common\AEFilterColorThreeWay.aex
Loading from disk...
This plugin was recognized by loader 9ee18075-33c9-482a-b1a3-f2ab007a5a07.

Loading E:\adobe_flash_profession_cc\Adobe Media Encoder CC\Plug-ins\Common\AEFilterCrop.aex
Loading from disk...
This plugin was recognized by loader 9ee18075-33c9-482a-b1a3-f2ab007a5a07.

Loading E:\adobe_flash_profession_cc\Adobe Media Encoder CC\Plug-ins\Common\AEFilterGarbageMatte.aex
Loading from disk...
This plugin was recognized by loader 9ee18075-33c9-482a-b1a3-f2ab007a5a07.

Loading E:\adobe_flash_profession_cc\Adobe Media Encoder CC\Plug-ins\Common\AEFilterGarbageMatte16.aex
Loading from disk...
This plugin was recognized by loader 9ee18075-33c9-482a-b1a3-f2ab007a5a07.

Loading E:\adobe_flash_profession_cc\Adobe Media Encoder CC\Plug-ins\Common\AEFilterGarbageMatte8.aex
Loading from disk...
This plugin was recognized by loader 9ee18075-33c9-482a-b1a3-f2ab007a5a07.

Loading E:\adobe_flash_profession_cc\Adobe Media Encoder CC\Plug-ins\Common\AEFilterGaussianBlur.aex
Loading from disk...
This plugin was recognized by loader 9ee18075-33c9-482a-b1a3-f2ab007a5a07.

Loading E:\adobe_flash_profession_cc\Adobe Media Encoder CC\Plug-ins\Common\AEFilterImageMatteKey.aex
Loading from disk...
This plugin was recognized by loader 9ee18075-33c9-482a-b1a3-f2ab007a5a07.

Loading E:\adobe_flash_profession_cc\Adobe Media Encoder CC\Plug-ins\Common\AEFilterLightingEffect.aex
Loading from disk...
This plugin was recognized by loader 9ee18075-33c9-482a-b1a3-f2ab007a5a07.

Loading E:\adobe_flash_profession_cc\Adobe Media Encoder CC\Plug-ins\Common\AEFilterLumaCorrector.aex
Loading from disk...
This plugin was recognized by loader 9ee18075-33c9-482a-b1a3-f2ab007a5a07.

Loading E:\adobe_flash_profession_cc\Adobe Media Encoder CC\Plug-ins\Common\AEFilterLumaCurve.aex
Loading from disk...
This plugin was recognized by loader 9ee18075-33c9-482a-b1a3-f2ab007a5a07.

Loading E:\adobe_flash_profession_cc\Adobe Media Encoder CC\Plug-ins\Common\AEFilterLumaKey.aex
Loading from disk...
This plugin was recognized by loader 9ee18075-33c9-482a-b1a3-f2ab007a5a07.

Loading E:\adobe_flash_profession_cc\Adobe Media Encoder CC\Plug-ins\Common\AEFilterLumetri.aex
Loading from disk...
This plugin was recognized by loader 624e610b-0372-4082-b625-73865c15932b.
This plugin was recognized by loader 9ee18075-33c9-482a-b1a3-f2ab007a5a07.

Loading E:\adobe_flash_profession_cc\Adobe Media Encoder CC\Plug-ins\Common\AEFilterNonRedKey.aex
Loading from disk...
This plugin was recognized by loader 9ee18075-33c9-482a-b1a3-f2ab007a5a07.

Loading E:\adobe_flash_profession_cc\Adobe Media Encoder CC\Plug-ins\Common\AEFilterProcAmp.aex
Loading from disk...
This plugin was recognized by loader 9ee18075-33c9-482a-b1a3-f2ab007a5a07.

Loading E:\adobe_flash_profession_cc\Adobe Media Encoder CC\Plug-ins\Common\AEFilterRemoveMatte.aex
Loading from disk...
This plugin was recognized by loader 9ee18075-33c9-482a-b1a3-f2ab007a5a07.

Loading E:\adobe_flash_profession_cc\Adobe Media Encoder CC\Plug-ins\Common\AEFilterRGBCurves.aex
Loading from disk...
This plugin was recognized by loader 9ee18075-33c9-482a-b1a3-f2ab007a5a07.

Loading E:\adobe_flash_profession_cc\Adobe Media Encoder CC\Plug-ins\Common\AEFilterRGBDifferenceKey.aex
Loading from disk...
This plugin was recognized by loader 9ee18075-33c9-482a-b1a3-f2ab007a5a07.

Loading E:\adobe_flash_profession_cc\Adobe Media Encoder CC\Plug-ins\Common\AEFilterTimecode.aex
Loading from disk...
This plugin was recognized by loader 9ee18075-33c9-482a-b1a3-f2ab007a5a07.

Loading E:\adobe_flash_profession_cc\Adobe Media Encoder CC\Plug-ins\Common\AEFilterTrackMatteKey.aex
Loading from disk...
This plugin was recognized by loader 9ee18075-33c9-482a-b1a3-f2ab007a5a07.

Loading E:\adobe_flash_profession_cc\Adobe Media Encoder CC\Plug-ins\Common\AEFilterUltraKey.aex
Loading from disk...
This plugin was recognized by loader 9ee18075-33c9-482a-b1a3-f2ab007a5a07.

Loading E:\adobe_flash_profession_cc\Adobe Media Encoder CC\Plug-ins\Common\AEFilterVideoLimiter.aex
Loading from disk...
This plugin was recognized by loader 9ee18075-33c9-482a-b1a3-f2ab007a5a07.

Loading E:\adobe_flash_profession_cc\Adobe Media Encoder CC\Plug-ins\Common\AEShadowHighlight.aex
Loading from disk...
This plugin was recognized by loader 9ee18075-33c9-482a-b1a3-f2ab007a5a07.

Loading E:\adobe_flash_profession_cc\Adobe Media Encoder CC\Plug-ins\Common\Arithmetic.aex
Loading from disk...
This plugin was recognized by loader 9ee18075-33c9-482a-b1a3-f2ab007a5a07.

Loading E:\adobe_flash_profession_cc\Adobe Media Encoder CC\Plug-ins\Common\B-C-2.aex
Loading from disk...
This plugin was recognized by loader 9ee18075-33c9-482a-b1a3-f2ab007a5a07.

Loading E:\adobe_flash_profession_cc\Adobe Media Encoder CC\Plug-ins\Common\Basic_3D.aex
Loading from disk...
This plugin was recognized by loader 9ee18075-33c9-482a-b1a3-f2ab007a5a07.

Loading E:\adobe_flash_profession_cc\Adobe Media Encoder CC\Plug-ins\Common\Bevel_Alpha.aex
Loading from disk...
This plugin was recognized by loader 9ee18075-33c9-482a-b1a3-f2ab007a5a07.

Loading E:\adobe_flash_profession_cc\Adobe Media Encoder CC\Plug-ins\Common\Bevel_Edges.aex
Loading from disk...
This plugin was recognized by loader 9ee18075-33c9-482a-b1a3-f2ab007a5a07.

Loading E:\adobe_flash_profession_cc\Adobe Media Encoder CC\Plug-ins\Common\Blend.aex
Loading from disk...
This plugin was recognized by loader 9ee18075-33c9-482a-b1a3-f2ab007a5a07.

Loading E:\adobe_flash_profession_cc\Adobe Media Encoder CC\Plug-ins\Common\Block_Dissolve.aex
Loading from disk...
This plugin was recognized by loader 9ee18075-33c9-482a-b1a3-f2ab007a5a07.

Loading E:\adobe_flash_profession_cc\Adobe Media Encoder CC\Plug-ins\Common\Broadcast_Colors.aex
Loading from disk...
This plugin was recognized by loader 9ee18075-33c9-482a-b1a3-f2ab007a5a07.

Loading E:\adobe_flash_profession_cc\Adobe Media Encoder CC\Plug-ins\Common\Brush_Strokes.aex
Loading from disk...
This plugin was recognized by loader 9ee18075-33c9-482a-b1a3-f2ab007a5a07.

Loading E:\adobe_flash_profession_cc\Adobe Media Encoder CC\Plug-ins\Common\Calculations.aex
Loading from disk...
This plugin was recognized by loader 9ee18075-33c9-482a-b1a3-f2ab007a5a07.

Loading E:\adobe_flash_profession_cc\Adobe Media Encoder CC\Plug-ins\Common\CellPattern.aex
Loading from disk...
This plugin was recognized by loader 9ee18075-33c9-482a-b1a3-f2ab007a5a07.

Loading E:\adobe_flash_profession_cc\Adobe Media Encoder CC\Plug-ins\Common\ChangeToColor.aex
Loading from disk...
This plugin was recognized by loader 9ee18075-33c9-482a-b1a3-f2ab007a5a07.

Loading E:\adobe_flash_profession_cc\Adobe Media Encoder CC\Plug-ins\Common\Change_Color.aex
Loading from disk...
This plugin was recognized by loader 9ee18075-33c9-482a-b1a3-f2ab007a5a07.

Loading E:\adobe_flash_profession_cc\Adobe Media Encoder CC\Plug-ins\Common\Channel_Blur.aex
Loading from disk...
This plugin was recognized by loader 9ee18075-33c9-482a-b1a3-f2ab007a5a07.

Loading E:\adobe_flash_profession_cc\Adobe Media Encoder CC\Plug-ins\Common\Channel_Mixer.aex
Loading from disk...
This plugin was recognized by loader 9ee18075-33c9-482a-b1a3-f2ab007a5a07.

Loading E:\adobe_flash_profession_cc\Adobe Media Encoder CC\Plug-ins\Common\Checkerboard.aex
Loading from disk...
This plugin was recognized by loader 9ee18075-33c9-482a-b1a3-f2ab007a5a07.

Loading E:\adobe_flash_profession_cc\Adobe Media Encoder CC\Plug-ins\Common\CineonEffect.aex
Loading from disk...
This plugin was recognized by loader 9ee18075-33c9-482a-b1a3-f2ab007a5a07.

Loading E:\adobe_flash_profession_cc\Adobe Media Encoder CC\Plug-ins\Common\Circle.aex
Loading from disk...
This plugin was recognized by loader 9ee18075-33c9-482a-b1a3-f2ab007a5a07.

Loading E:\adobe_flash_profession_cc\Adobe Media Encoder CC\Plug-ins\Common\ColorsQuad.aex
Loading from disk...
This plugin was recognized by loader 9ee18075-33c9-482a-b1a3-f2ab007a5a07.

Loading E:\adobe_flash_profession_cc\Adobe Media Encoder CC\Plug-ins\Common\Color_Balance_2.aex
Loading from disk...
This plugin was recognized by loader 9ee18075-33c9-482a-b1a3-f2ab007a5a07.

Loading E:\adobe_flash_profession_cc\Adobe Media Encoder CC\Plug-ins\Common\Color_Emboss.aex
Loading from disk...
This plugin was recognized by loader 9ee18075-33c9-482a-b1a3-f2ab007a5a07.

Loading E:\adobe_flash_profession_cc\Adobe Media Encoder CC\Plug-ins\Common\Color_HLS.aex
Loading from disk...
This plugin was recognized by loader 9ee18075-33c9-482a-b1a3-f2ab007a5a07.

Loading E:\adobe_flash_profession_cc\Adobe Media Encoder CC\Plug-ins\Common\Color_Key.aex
Loading from disk...
This plugin was recognized by loader 9ee18075-33c9-482a-b1a3-f2ab007a5a07.

Loading E:\adobe_flash_profession_cc\Adobe Media Encoder CC\Plug-ins\Common\Compound_Arith.aex
Loading from disk...
This plugin was recognized by loader 9ee18075-33c9-482a-b1a3-f2ab007a5a07.

Loading E:\adobe_flash_profession_cc\Adobe Media Encoder CC\Plug-ins\Common\Compound_Blur.aex
Loading from disk...
This plugin was recognized by loader 9ee18075-33c9-482a-b1a3-f2ab007a5a07.

Loading E:\adobe_flash_profession_cc\Adobe Media Encoder CC\Plug-ins\Common\Corner_Pin.aex
Loading from disk...
This plugin was recognized by loader 9ee18075-33c9-482a-b1a3-f2ab007a5a07.

Loading E:\adobe_flash_profession_cc\Adobe Media Encoder CC\Plug-ins\Common\Difference.aex
Loading from disk...
This plugin was recognized by loader 9ee18075-33c9-482a-b1a3-f2ab007a5a07.

Loading E:\adobe_flash_profession_cc\Adobe Media Encoder CC\Plug-ins\Common\DirectionalBlur.aex
Loading from disk...
This plugin was recognized by loader 9ee18075-33c9-482a-b1a3-f2ab007a5a07.

Loading E:\adobe_flash_profession_cc\Adobe Media Encoder CC\Plug-ins\Common\Drop_Shadow.aex
Loading from disk...
This plugin was recognized by loader 9ee18075-33c9-482a-b1a3-f2ab007a5a07.

Loading E:\adobe_flash_profession_cc\Adobe Media Encoder CC\Plug-ins\Common\Dust.aex
Loading from disk...
This plugin was recognized by loader 9ee18075-33c9-482a-b1a3-f2ab007a5a07.

Loading E:\adobe_flash_profession_cc\Adobe Media Encoder CC\Plug-ins\Common\Echo.aex
Loading from disk...
This plugin was recognized by loader 9ee18075-33c9-482a-b1a3-f2ab007a5a07.

Loading E:\adobe_flash_profession_cc\Adobe Media Encoder CC\Plug-ins\Common\Ellipse.aex
Loading from disk...
This plugin was recognized by loader 9ee18075-33c9-482a-b1a3-f2ab007a5a07.

Loading E:\adobe_flash_profession_cc\Adobe Media Encoder CC\Plug-ins\Common\Emboss.aex
Loading from disk...
This plugin was recognized by loader 9ee18075-33c9-482a-b1a3-f2ab007a5a07.

Loading E:\adobe_flash_profession_cc\Adobe Media Encoder CC\Plug-ins\Common\Equalize.aex
Loading from disk...
This plugin was recognized by loader 9ee18075-33c9-482a-b1a3-f2ab007a5a07.

Loading E:\adobe_flash_profession_cc\Adobe Media Encoder CC\Plug-ins\Common\EyedropperFill.aex
Loading from disk...
This plugin was recognized by loader 9ee18075-33c9-482a-b1a3-f2ab007a5a07.

Loading E:\adobe_flash_profession_cc\Adobe Media Encoder CC\Plug-ins\Common\Fast_Blur.aex
Loading from disk...
This plugin was recognized by loader 9ee18075-33c9-482a-b1a3-f2ab007a5a07.

Loading E:\adobe_flash_profession_cc\Adobe Media Encoder CC\Plug-ins\Common\Find_Edges.aex
Loading from disk...
This plugin was recognized by loader 9ee18075-33c9-482a-b1a3-f2ab007a5a07.

Loading E:\adobe_flash_profession_cc\Adobe Media Encoder CC\Plug-ins\Common\Gradient_Wipe.aex
Loading from disk...
This plugin was recognized by loader 9ee18075-33c9-482a-b1a3-f2ab007a5a07.

Loading E:\adobe_flash_profession_cc\Adobe Media Encoder CC\Plug-ins\Common\Grid.aex
Loading from disk...
This plugin was recognized by loader 9ee18075-33c9-482a-b1a3-f2ab007a5a07.

Loading E:\adobe_flash_profession_cc\Adobe Media Encoder CC\Plug-ins\Common\Invert.aex
Loading from disk...
This plugin was recognized by loader 9ee18075-33c9-482a-b1a3-f2ab007a5a07.

Loading E:\adobe_flash_profession_cc\Adobe Media Encoder CC\Plug-ins\Common\Leave_Color.aex
Loading from disk...
This plugin was recognized by loader 9ee18075-33c9-482a-b1a3-f2ab007a5a07.

Loading E:\adobe_flash_profession_cc\Adobe Media Encoder CC\Plug-ins\Common\Lens_Flare.aex
Loading from disk...
This plugin was recognized by loader 9ee18075-33c9-482a-b1a3-f2ab007a5a07.

Loading E:\adobe_flash_profession_cc\Adobe Media Encoder CC\Plug-ins\Common\Lightning.aex
Loading from disk...
This plugin was recognized by loader 9ee18075-33c9-482a-b1a3-f2ab007a5a07.

Loading E:\adobe_flash_profession_cc\Adobe Media Encoder CC\Plug-ins\Common\Linear_Wipe.aex
Loading from disk...
This plugin was recognized by loader 9ee18075-33c9-482a-b1a3-f2ab007a5a07.

Loading E:\adobe_flash_profession_cc\Adobe Media Encoder CC\Plug-ins\Common\Magnify.aex
Loading from disk...
This plugin was recognized by loader 9ee18075-33c9-482a-b1a3-f2ab007a5a07.

Loading E:\adobe_flash_profession_cc\Adobe Media Encoder CC\Plug-ins\Common\Median.aex
Loading from disk...
This plugin was recognized by loader 9ee18075-33c9-482a-b1a3-f2ab007a5a07.

Loading E:\adobe_flash_profession_cc\Adobe Media Encoder CC\Plug-ins\Common\Mirror.aex
Loading from disk...
This plugin was recognized by loader 9ee18075-33c9-482a-b1a3-f2ab007a5a07.

Loading E:\adobe_flash_profession_cc\Adobe Media Encoder CC\Plug-ins\Common\Mosaic.aex
Loading from disk...
This plugin was recognized by loader 9ee18075-33c9-482a-b1a3-f2ab007a5a07.

Loading E:\adobe_flash_profession_cc\Adobe Media Encoder CC\Plug-ins\Common\Motion.aex
Loading from disk...
This plugin was recognized by loader 9ee18075-33c9-482a-b1a3-f2ab007a5a07.

Loading E:\adobe_flash_profession_cc\Adobe Media Encoder CC\Plug-ins\Common\Noise.aex
Loading from disk...
This plugin was recognized by loader 9ee18075-33c9-482a-b1a3-f2ab007a5a07.

Loading E:\adobe_flash_profession_cc\Adobe Media Encoder CC\Plug-ins\Common\NoiseAlpha.aex
Loading from disk...
This plugin was recognized by loader 9ee18075-33c9-482a-b1a3-f2ab007a5a07.

Loading E:\adobe_flash_profession_cc\Adobe Media Encoder CC\Plug-ins\Common\NoiseHLS.aex
Loading from disk...
This plugin was recognized by loader 9ee18075-33c9-482a-b1a3-f2ab007a5a07.

Loading E:\adobe_flash_profession_cc\Adobe Media Encoder CC\Plug-ins\Common\NoiseHLSAuto.aex
Loading from disk...
This plugin was recognized by loader 9ee18075-33c9-482a-b1a3-f2ab007a5a07.

Loading E:\adobe_flash_profession_cc\Adobe Media Encoder CC\Plug-ins\Common\Offset.aex
Loading from disk...
This plugin was recognized by loader 9ee18075-33c9-482a-b1a3-f2ab007a5a07.

Loading E:\adobe_flash_profession_cc\Adobe Media Encoder CC\Plug-ins\Common\Opacity.aex
Loading from disk...
This plugin was recognized by loader 9ee18075-33c9-482a-b1a3-f2ab007a5a07.

Loading E:\adobe_flash_profession_cc\Adobe Media Encoder CC\Plug-ins\Common\PaintBucket.aex
Loading from disk...
This plugin was recognized by loader 9ee18075-33c9-482a-b1a3-f2ab007a5a07.

Loading E:\adobe_flash_profession_cc\Adobe Media Encoder CC\Plug-ins\Common\Posterize.aex
Loading from disk...
This plugin was recognized by loader 9ee18075-33c9-482a-b1a3-f2ab007a5a07.

Loading E:\adobe_flash_profession_cc\Adobe Media Encoder CC\Plug-ins\Common\Posterize_Time.aex
Loading from disk...
This plugin was recognized by loader 9ee18075-33c9-482a-b1a3-f2ab007a5a07.

Loading E:\adobe_flash_profession_cc\Adobe Media Encoder CC\Plug-ins\Common\RadialShadow.aex
Loading from disk...
This plugin was recognized by loader 9ee18075-33c9-482a-b1a3-f2ab007a5a07.

Loading E:\adobe_flash_profession_cc\Adobe Media Encoder CC\Plug-ins\Common\Radial_Wipe.aex
Loading from disk...
This plugin was recognized by loader 9ee18075-33c9-482a-b1a3-f2ab007a5a07.

Loading E:\adobe_flash_profession_cc\Adobe Media Encoder CC\Plug-ins\Common\Ramp.aex
Loading from disk...
This plugin was recognized by loader 9ee18075-33c9-482a-b1a3-f2ab007a5a07.

Loading E:\adobe_flash_profession_cc\Adobe Media Encoder CC\Plug-ins\Common\RollingShutter.aex
Loading from disk...
This plugin was recognized by loader 9ee18075-33c9-482a-b1a3-f2ab007a5a07.

Loading E:\adobe_flash_profession_cc\Adobe Media Encoder CC\Plug-ins\Common\RoughenEdges.aex
Loading from disk...
This plugin was recognized by loader 9ee18075-33c9-482a-b1a3-f2ab007a5a07.

Loading E:\adobe_flash_profession_cc\Adobe Media Encoder CC\Plug-ins\Common\Set_Matte.aex
Loading from disk...
This plugin was recognized by loader 9ee18075-33c9-482a-b1a3-f2ab007a5a07.

Loading E:\adobe_flash_profession_cc\Adobe Media Encoder CC\Plug-ins\Common\Sharpen.aex
Loading from disk...
This plugin was recognized by loader 9ee18075-33c9-482a-b1a3-f2ab007a5a07.

Loading E:\adobe_flash_profession_cc\Adobe Media Encoder CC\Plug-ins\Common\SolidComposite.aex
Loading from disk...
This plugin was recognized by loader 9ee18075-33c9-482a-b1a3-f2ab007a5a07.

Loading E:\adobe_flash_profession_cc\Adobe Media Encoder CC\Plug-ins\Common\Spherize.aex
Loading from disk...
This plugin was recognized by loader 9ee18075-33c9-482a-b1a3-f2ab007a5a07.

Loading E:\adobe_flash_profession_cc\Adobe Media Encoder CC\Plug-ins\Common\Stabilizer.aex
Loading from disk...
This plugin was recognized by loader 9ee18075-33c9-482a-b1a3-f2ab007a5a07.

Loading E:\adobe_flash_profession_cc\Adobe Media Encoder CC\Plug-ins\Common\Strobe_Light.aex
Loading from disk...
This plugin was recognized by loader 9ee18075-33c9-482a-b1a3-f2ab007a5a07.

Loading E:\adobe_flash_profession_cc\Adobe Media Encoder CC\Plug-ins\Common\Texturize.aex
Loading from disk...
This plugin was recognized by loader 9ee18075-33c9-482a-b1a3-f2ab007a5a07.

Loading E:\adobe_flash_profession_cc\Adobe Media Encoder CC\Plug-ins\Common\Threshold.aex
Loading from disk...
This plugin was recognized by loader 9ee18075-33c9-482a-b1a3-f2ab007a5a07.

Loading E:\adobe_flash_profession_cc\Adobe Media Encoder CC\Plug-ins\Common\Tint.aex
Loading from disk...
This plugin was recognized by loader 9ee18075-33c9-482a-b1a3-f2ab007a5a07.

Loading E:\adobe_flash_profession_cc\Adobe Media Encoder CC\Plug-ins\Common\Transform.aex
Loading from disk...
This plugin was recognized by loader 9ee18075-33c9-482a-b1a3-f2ab007a5a07.

Loading E:\adobe_flash_profession_cc\Adobe Media Encoder CC\Plug-ins\Common\TurbulentDisplace.aex
Loading from disk...
This plugin was recognized by loader 9ee18075-33c9-482a-b1a3-f2ab007a5a07.

Loading E:\adobe_flash_profession_cc\Adobe Media Encoder CC\Plug-ins\Common\Twirl.aex
Loading from disk...
This plugin was recognized by loader 9ee18075-33c9-482a-b1a3-f2ab007a5a07.

Loading E:\adobe_flash_profession_cc\Adobe Media Encoder CC\Plug-ins\Common\Unsharp_Mask.aex
Loading from disk...
This plugin was recognized by loader 9ee18075-33c9-482a-b1a3-f2ab007a5a07.

Loading E:\adobe_flash_profession_cc\Adobe Media Encoder CC\Plug-ins\Common\Venetian_Blinds.aex
Loading from disk...
This plugin was recognized by loader 9ee18075-33c9-482a-b1a3-f2ab007a5a07.

Loading E:\adobe_flash_profession_cc\Adobe Media Encoder CC\Plug-ins\Common\Wave_Warp.aex
Loading from disk...
This plugin was recognized by loader 9ee18075-33c9-482a-b1a3-f2ab007a5a07.

Loading E:\adobe_flash_profession_cc\Adobe Media Encoder CC\Plug-ins\Common\Write_on.aex
Loading from disk...
This plugin was recognized by loader 9ee18075-33c9-482a-b1a3-f2ab007a5a07.

Loading E:\adobe_flash_profession_cc\Adobe Media Encoder CC\Plug-ins\Common\VST3\AnalogDelayCore.dll
Loading from disk...
No loaders recognized this plugin, so the plugin is set to Ignore.

Loading E:\adobe_flash_profession_cc\Adobe Media Encoder CC\Plug-ins\Common\VST3\ChorusFlangerCore.dll
Loading from disk...
No loaders recognized this plugin, so the plugin is set to Ignore.

Loading E:\adobe_flash_profession_cc\Adobe Media Encoder CC\Plug-ins\Common\VST3\ConvolutionReverbCore.dll
Loading from disk...
No loaders recognized this plugin, so the plugin is set to Ignore.

Loading E:\adobe_flash_profession_cc\Adobe Media Encoder CC\Plug-ins\Common\VST3\DeEsserCore.dll
Loading from disk...
No loaders recognized this plugin, so the plugin is set to Ignore.

Loading E:\adobe_flash_profession_cc\Adobe Media Encoder CC\Plug-ins\Common\VST3\DeHummerCore.dll
Loading from disk...
No loaders recognized this plugin, so the plugin is set to Ignore.

Loading E:\adobe_flash_profession_cc\Adobe Media Encoder CC\Plug-ins\Common\VST3\DistortionCore.dll
Loading from disk...
No loaders recognized this plugin, so the plugin is set to Ignore.

Loading E:\adobe_flash_profession_cc\Adobe Media Encoder CC\Plug-ins\Common\VST3\GuitarSuiteCore.dll
Loading from disk...
No loaders recognized this plugin, so the plugin is set to Ignore.

Loading E:\adobe_flash_profession_cc\Adobe Media Encoder CC\Plug-ins\Common\VST3\MultibandCompressorCore.dll
Loading from disk...
No loaders recognized this plugin, so the plugin is set to Ignore.

Loading E:\adobe_flash_profession_cc\Adobe Media Encoder CC\Plug-ins\Common\VST3\PhaserCore.dll
Loading from disk...
No loaders recognized this plugin, so the plugin is set to Ignore.

Loading E:\adobe_flash_profession_cc\Adobe Media Encoder CC\Plug-ins\Common\VST3\SimpleMasteringCore.dll
Loading from disk...
No loaders recognized this plugin, so the plugin is set to Ignore.

Loading E:\adobe_flash_profession_cc\Adobe Media Encoder CC\Plug-ins\Common\VST3\SinglebandCompressorCore.dll
Loading from disk...
No loaders recognized this plugin, so the plugin is set to Ignore.

Loading E:\adobe_flash_profession_cc\Adobe Media Encoder CC\Plug-ins\Common\VST3\SurroundReverbCore.dll
Loading from disk...
No loaders recognized this plugin, so the plugin is set to Ignore.

Loading E:\adobe_flash_profession_cc\Adobe Media Encoder CC\Plug-ins\Common\VST3\TubeModeledCompressorCore.dll
Loading from disk...
No loaders recognized this plugin, so the plugin is set to Ignore.

Loading E:\adobe_flash_profession_cc\Adobe Media Encoder CC\Plug-ins\Common\VST3\VocalEnhancerCore.dll
Loading from disk...
No loaders recognized this plugin, so the plugin is set to Ignore.

Loading E:\adobe_flash_profession_cc\Adobe Media Encoder CC\Plug-ins\Common\ImporterQuickTime.prm
Loading from disk...
This plugin was recognized by loader ba1058cd-0007-44e4-bf1a-0ef51307b979.

